INFO  2024-05-14 08:56:08.311 [restartedMain] [AutocallApplication:55] - Starting AutocallApplication using Java 1.8.0_361 on DESKTOP-5BDQ2AQ with PID 22352 (C:\Users\82106\IdeaProjects\실무\autocall\autocall\build\classes\java\main started by 이상민 in C:\Users\82106\IdeaProjects\실무\autocall\autocall)
DEBUG 2024-05-14 08:56:08.313 [restartedMain] [AutocallApplication:56] - Running with Spring Boot v2.7.14, Spring v5.3.29
INFO  2024-05-14 08:56:08.314 [restartedMain] [AutocallApplication:631] - No active profile set, falling back to 1 default profile: "default"
INFO  2024-05-14 08:56:08.457 [restartedMain] [DevToolsPropertyDefaultsPostProcessor:255] - Devtools property defaults active! Set 'spring.devtools.add-properties' to 'false' to disable
INFO  2024-05-14 08:56:08.457 [restartedMain] [DevToolsPropertyDefaultsPostProcessor:255] - For additional web related logging consider setting the 'logging.level.web' property to 'DEBUG'
WARN  2024-05-14 08:56:09.003 [restartedMain] [ClassPathMapperScanner:44] - No MyBatis mapper was found in '[com.vdc.autocall]' package. Please check your configuration.
INFO  2024-05-14 08:56:09.315 [restartedMain] [TomcatWebServer:108] - Tomcat initialized with port(s): 8078 (http)
INFO  2024-05-14 08:56:09.321 [restartedMain] [Http11NioProtocol:173] - Initializing ProtocolHandler ["http-nio-8078"]
INFO  2024-05-14 08:56:09.322 [restartedMain] [StandardService:173] - Starting service [Tomcat]
INFO  2024-05-14 08:56:09.322 [restartedMain] [StandardEngine:173] - Starting Servlet engine: [Apache Tomcat/9.0.78]
INFO  2024-05-14 08:56:09.375 [restartedMain] [[/autodial]:173] - Initializing Spring embedded WebApplicationContext
INFO  2024-05-14 08:56:09.375 [restartedMain] [ServletWebServerApplicationContext:292] - Root WebApplicationContext: initialization completed in 917 ms
INFO  2024-05-14 08:56:09.428 [restartedMain] [HikariDataSource:80] - HikariPool-1 - Starting...
INFO  2024-05-14 08:56:09.529 [restartedMain] [HikariDataSource:82] - HikariPool-1 - Start completed.
DEBUG 2024-05-14 08:56:09.535 [restartedMain] [DatabaseConfig$$EnhancerBySpringCGLIB$$7fc4a9bf:42] - SqlSessionFactory Start
INFO  2024-05-14 08:56:09.916 [restartedMain] [OptionalLiveReloadServer:59] - LiveReload server is running on port 35729
INFO  2024-05-14 08:56:09.928 [restartedMain] [Http11NioProtocol:173] - Starting ProtocolHandler ["http-nio-8078"]
INFO  2024-05-14 08:56:09.938 [restartedMain] [TomcatWebServer:220] - Tomcat started on port(s): 8078 (http) with context path '/autodial'
INFO  2024-05-14 08:56:09.947 [restartedMain] [AutocallApplication:61] - Started AutocallApplication in 1.948 seconds (JVM running for 2.561)
INFO  2024-05-14 08:56:12.738 [http-nio-8078-exec-7] [[/autodial]:173] - Initializing Spring DispatcherServlet 'dispatcherServlet'
INFO  2024-05-14 08:56:12.739 [http-nio-8078-exec-7] [DispatcherServlet:525] - Initializing Servlet 'dispatcherServlet'
INFO  2024-05-14 08:56:12.740 [http-nio-8078-exec-7] [DispatcherServlet:547] - Completed initialization in 1 ms
DEBUG 2024-05-14 08:56:12.765 [http-nio-8078-exec-9] [LoggerInterceptor:20] - ==================== BEGIN ====================
DEBUG 2024-05-14 08:56:12.766 [http-nio-8078-exec-9] [LoggerInterceptor:21] - Request URI ===> /autodial/login
DEBUG 2024-05-14 08:56:12.772 [http-nio-8078-exec-9] [LoggerInterceptor:31] - ==================== END ======================
INFO  2024-05-14 08:57:40.102 [SpringApplicationShutdownHook] [HikariDataSource:350] - HikariPool-1 - Shutdown initiated...
INFO  2024-05-14 08:57:40.114 [SpringApplicationShutdownHook] [HikariDataSource:352] - HikariPool-1 - Shutdown completed.
INFO  2024-05-14 08:57:42.970 [restartedMain] [AutocallApplication:55] - Starting AutocallApplication using Java 1.8.0_361 on DESKTOP-5BDQ2AQ with PID 7760 (C:\Users\82106\IdeaProjects\실무\autocall\autocall\build\classes\java\main started by 이상민 in C:\Users\82106\IdeaProjects\실무\autocall\autocall)
DEBUG 2024-05-14 08:57:42.971 [restartedMain] [AutocallApplication:56] - Running with Spring Boot v2.7.14, Spring v5.3.29
INFO  2024-05-14 08:57:42.971 [restartedMain] [AutocallApplication:631] - No active profile set, falling back to 1 default profile: "default"
INFO  2024-05-14 08:57:43.147 [restartedMain] [DevToolsPropertyDefaultsPostProcessor:255] - Devtools property defaults active! Set 'spring.devtools.add-properties' to 'false' to disable
INFO  2024-05-14 08:57:43.147 [restartedMain] [DevToolsPropertyDefaultsPostProcessor:255] - For additional web related logging consider setting the 'logging.level.web' property to 'DEBUG'
WARN  2024-05-14 08:57:43.555 [restartedMain] [ClassPathMapperScanner:44] - No MyBatis mapper was found in '[com.vdc.autocall]' package. Please check your configuration.
INFO  2024-05-14 08:57:43.854 [restartedMain] [TomcatWebServer:108] - Tomcat initialized with port(s): 8078 (http)
INFO  2024-05-14 08:57:43.858 [restartedMain] [Http11NioProtocol:173] - Initializing ProtocolHandler ["http-nio-8078"]
INFO  2024-05-14 08:57:43.859 [restartedMain] [StandardService:173] - Starting service [Tomcat]
INFO  2024-05-14 08:57:43.860 [restartedMain] [StandardEngine:173] - Starting Servlet engine: [Apache Tomcat/9.0.78]
INFO  2024-05-14 08:57:43.908 [restartedMain] [[/autodial]:173] - Initializing Spring embedded WebApplicationContext
INFO  2024-05-14 08:57:43.909 [restartedMain] [ServletWebServerApplicationContext:292] - Root WebApplicationContext: initialization completed in 761 ms
INFO  2024-05-14 08:57:43.951 [restartedMain] [HikariDataSource:80] - HikariPool-1 - Starting...
INFO  2024-05-14 08:57:43.993 [restartedMain] [HikariDataSource:82] - HikariPool-1 - Start completed.
DEBUG 2024-05-14 08:57:43.998 [restartedMain] [DatabaseConfig$$EnhancerBySpringCGLIB$$b8f207b6:42] - SqlSessionFactory Start
INFO  2024-05-14 08:57:44.378 [restartedMain] [OptionalLiveReloadServer:59] - LiveReload server is running on port 35729
INFO  2024-05-14 08:57:44.391 [restartedMain] [Http11NioProtocol:173] - Starting ProtocolHandler ["http-nio-8078"]
INFO  2024-05-14 08:57:44.403 [restartedMain] [TomcatWebServer:220] - Tomcat started on port(s): 8078 (http) with context path '/autodial'
INFO  2024-05-14 08:57:44.411 [restartedMain] [AutocallApplication:61] - Started AutocallApplication in 1.733 seconds (JVM running for 2.328)
INFO  2024-05-14 08:57:45.599 [http-nio-8078-exec-1] [[/autodial]:173] - Initializing Spring DispatcherServlet 'dispatcherServlet'
INFO  2024-05-14 08:57:45.599 [http-nio-8078-exec-1] [DispatcherServlet:525] - Initializing Servlet 'dispatcherServlet'
INFO  2024-05-14 08:57:45.600 [http-nio-8078-exec-1] [DispatcherServlet:547] - Completed initialization in 1 ms
DEBUG 2024-05-14 08:57:45.617 [http-nio-8078-exec-1] [LoggerInterceptor:20] - ==================== BEGIN ====================
DEBUG 2024-05-14 08:57:45.617 [http-nio-8078-exec-1] [LoggerInterceptor:21] - Request URI ===> /autodial/login
DEBUG 2024-05-14 08:57:45.624 [http-nio-8078-exec-1] [LoggerInterceptor:31] - ==================== END ======================
DEBUG 2024-05-14 08:57:49.673 [http-nio-8078-exec-4] [LoggerInterceptor:20] - ==================== BEGIN ====================
DEBUG 2024-05-14 08:57:49.673 [http-nio-8078-exec-4] [LoggerInterceptor:21] - Request URI ===> /autodial/login/proc
DEBUG 2024-05-14 08:57:49.722 [http-nio-8078-exec-4] [ArgumentResolver:54] - ##### XSSParam key : user_id, value : test
DEBUG 2024-05-14 08:57:49.723 [http-nio-8078-exec-4] [ArgumentResolver:54] - ##### XSSParam key : user_pwd, value : 1111
DEBUG 2024-05-14 08:57:49.727 [http-nio-8078-exec-4] [AbstractDAO:15] - 	 QueryId  	:  Account.account_login
DEBUG 2024-05-14 08:57:49.746 [http-nio-8078-exec-4] [sqlonly:223] -  com.zaxxer.hikari.pool.ProxyPreparedStatement.execute(ProxyPreparedStatement.java:44)
1. call usp_account_login('test', '1111')

INFO  2024-05-14 08:57:49.779 [http-nio-8078-exec-4] [WebSessionListener:76] - currentSessionUserList -> user_id : test 
DEBUG 2024-05-14 08:57:49.802 [http-nio-8078-exec-4] [LoggerInterceptor:31] - ==================== END ======================
DEBUG 2024-05-14 08:57:49.809 [http-nio-8078-exec-5] [LoggerInterceptor:20] - ==================== BEGIN ====================
DEBUG 2024-05-14 08:57:49.810 [http-nio-8078-exec-5] [LoggerInterceptor:21] - Request URI ===> /autodial/main
DEBUG 2024-05-14 08:57:49.810 [http-nio-8078-exec-5] [LoggerInterceptor:31] - ==================== END ======================
DEBUG 2024-05-14 08:57:50.130 [http-nio-8078-exec-6] [LoggerInterceptor:20] - ==================== BEGIN ====================
DEBUG 2024-05-14 08:57:50.130 [http-nio-8078-exec-6] [LoggerInterceptor:21] - Request URI ===> /autodial/img/vodacom.png
DEBUG 2024-05-14 08:57:50.130 [http-nio-8078-exec-8] [LoggerInterceptor:20] - ==================== BEGIN ====================
DEBUG 2024-05-14 08:57:50.130 [http-nio-8078-exec-8] [LoggerInterceptor:21] - Request URI ===> /autodial/img/logo.png
DEBUG 2024-05-14 08:57:50.133 [http-nio-8078-exec-8] [LoggerInterceptor:31] - ==================== END ======================
DEBUG 2024-05-14 08:57:50.134 [http-nio-8078-exec-6] [LoggerInterceptor:31] - ==================== END ======================
DEBUG 2024-05-14 08:57:50.174 [http-nio-8078-exec-1] [LoggerInterceptor:20] - ==================== BEGIN ====================
DEBUG 2024-05-14 08:57:50.174 [http-nio-8078-exec-5] [LoggerInterceptor:20] - ==================== BEGIN ====================
DEBUG 2024-05-14 08:57:50.174 [http-nio-8078-exec-4] [LoggerInterceptor:20] - ==================== BEGIN ====================
DEBUG 2024-05-14 08:57:50.174 [http-nio-8078-exec-1] [LoggerInterceptor:21] - Request URI ===> /autodial/webfonts/nextgen-icons.woff2
DEBUG 2024-05-14 08:57:50.174 [http-nio-8078-exec-5] [LoggerInterceptor:21] - Request URI ===> /autodial/webfonts/fa-light-300.woff2
DEBUG 2024-05-14 08:57:50.174 [http-nio-8078-exec-4] [LoggerInterceptor:21] - Request URI ===> /autodial/webfonts/fa-solid-900.woff2
DEBUG 2024-05-14 08:57:50.176 [http-nio-8078-exec-1] [LoggerInterceptor:31] - ==================== END ======================
DEBUG 2024-05-14 08:57:50.177 [http-nio-8078-exec-4] [LoggerInterceptor:31] - ==================== END ======================
DEBUG 2024-05-14 08:57:50.177 [http-nio-8078-exec-5] [LoggerInterceptor:31] - ==================== END ======================
DEBUG 2024-05-14 08:57:50.251 [http-nio-8078-exec-10] [LoggerInterceptor:20] - ==================== BEGIN ====================
DEBUG 2024-05-14 08:57:50.251 [http-nio-8078-exec-10] [LoggerInterceptor:21] - Request URI ===> /autodial/list
DEBUG 2024-05-14 08:57:50.254 [http-nio-8078-exec-10] [AbstractDAO:15] - 	 QueryId  	:  Device.DeviceList
DEBUG 2024-05-14 08:57:50.255 [http-nio-8078-exec-10] [sqlonly:223] -  com.zaxxer.hikari.pool.ProxyPreparedStatement.execute(ProxyPreparedStatement.java:44)
1. call usp_device_list_s('test')

DEBUG 2024-05-14 08:57:50.259 [http-nio-8078-exec-8] [LoggerInterceptor:20] - ==================== BEGIN ====================
DEBUG 2024-05-14 08:57:50.259 [http-nio-8078-exec-8] [LoggerInterceptor:21] - Request URI ===> /autodial/account/list
DEBUG 2024-05-14 08:57:50.260 [http-nio-8078-exec-8] [AbstractDAO:15] - 	 QueryId  	:  Account.AccountList
DEBUG 2024-05-14 08:57:50.261 [http-nio-8078-exec-10] [LoggerInterceptor:31] - ==================== END ======================
DEBUG 2024-05-14 08:57:50.262 [http-nio-8078-exec-8] [sqlonly:223] -  com.zaxxer.hikari.pool.ProxyPreparedStatement.execute(ProxyPreparedStatement.java:44)
2. call usp_account_list_s()

DEBUG 2024-05-14 08:57:50.265 [http-nio-8078-exec-8] [LoggerInterceptor:31] - ==================== END ======================
DEBUG 2024-05-14 08:58:01.819 [http-nio-8078-exec-6] [LoggerInterceptor:20] - ==================== BEGIN ====================
DEBUG 2024-05-14 08:58:01.819 [http-nio-8078-exec-6] [LoggerInterceptor:21] - Request URI ===> /autodial/add
DEBUG 2024-05-14 08:58:01.820 [http-nio-8078-exec-6] [ArgumentResolver:54] - ##### XSSParam key : lte_phone, value : 123456
DEBUG 2024-05-14 08:58:01.820 [http-nio-8078-exec-6] [ArgumentResolver:54] - ##### XSSParam key : ddd_number, value : 12321
DEBUG 2024-05-14 08:58:01.820 [http-nio-8078-exec-6] [ArgumentResolver:54] - ##### XSSParam key : cid_number, value : 123123
DEBUG 2024-05-14 08:58:01.820 [http-nio-8078-exec-6] [AbstractDAO:15] - 	 QueryId  	:  Device.DeviceAdd
DEBUG 2024-05-14 08:58:01.823 [http-nio-8078-exec-6] [sqlonly:223] -  com.zaxxer.hikari.pool.ProxyPreparedStatement.execute(ProxyPreparedStatement.java:44)
1. call usp_device_i('test', '123456', '12321', '123123')

DEBUG 2024-05-14 08:58:01.830 [http-nio-8078-exec-6] [LoggerInterceptor:31] - ==================== END ======================
DEBUG 2024-05-14 08:58:02.548 [http-nio-8078-exec-7] [LoggerInterceptor:20] - ==================== BEGIN ====================
DEBUG 2024-05-14 08:58:02.548 [http-nio-8078-exec-7] [LoggerInterceptor:21] - Request URI ===> /autodial/list
DEBUG 2024-05-14 08:58:02.549 [http-nio-8078-exec-7] [AbstractDAO:15] - 	 QueryId  	:  Device.DeviceList
DEBUG 2024-05-14 08:58:02.551 [http-nio-8078-exec-7] [sqlonly:223] -  com.zaxxer.hikari.pool.ProxyPreparedStatement.execute(ProxyPreparedStatement.java:44)
1. call usp_device_list_s('test')

DEBUG 2024-05-14 08:58:02.555 [http-nio-8078-exec-7] [LoggerInterceptor:31] - ==================== END ======================
DEBUG 2024-05-14 08:58:06.446 [http-nio-8078-exec-3] [LoggerInterceptor:20] - ==================== BEGIN ====================
DEBUG 2024-05-14 08:58:06.447 [http-nio-8078-exec-3] [LoggerInterceptor:21] - Request URI ===> /autodial/del
DEBUG 2024-05-14 08:58:06.447 [http-nio-8078-exec-3] [ArgumentResolver:54] - ##### XSSParam key : seq, value : 31
DEBUG 2024-05-14 08:58:06.448 [http-nio-8078-exec-3] [AbstractDAO:15] - 	 QueryId  	:  Device.DeviceDel
DEBUG 2024-05-14 08:58:06.450 [http-nio-8078-exec-3] [sqlonly:223] -  com.zaxxer.hikari.pool.ProxyPreparedStatement.execute(ProxyPreparedStatement.java:44)
1. call usp_device_d('31')

DEBUG 2024-05-14 08:58:06.454 [http-nio-8078-exec-3] [LoggerInterceptor:31] - ==================== END ======================
DEBUG 2024-05-14 08:58:07.207 [http-nio-8078-exec-9] [LoggerInterceptor:20] - ==================== BEGIN ====================
DEBUG 2024-05-14 08:58:07.208 [http-nio-8078-exec-9] [LoggerInterceptor:21] - Request URI ===> /autodial/list
DEBUG 2024-05-14 08:58:07.208 [http-nio-8078-exec-9] [AbstractDAO:15] - 	 QueryId  	:  Device.DeviceList
DEBUG 2024-05-14 08:58:07.211 [http-nio-8078-exec-9] [sqlonly:223] -  com.zaxxer.hikari.pool.ProxyPreparedStatement.execute(ProxyPreparedStatement.java:44)
1. call usp_device_list_s('test')

DEBUG 2024-05-14 08:58:07.214 [http-nio-8078-exec-9] [LoggerInterceptor:31] - ==================== END ======================
DEBUG 2024-05-14 09:07:59.021 [http-nio-8078-exec-6] [LoggerInterceptor:20] - ==================== BEGIN ====================
DEBUG 2024-05-14 09:07:59.022 [http-nio-8078-exec-6] [LoggerInterceptor:21] - Request URI ===> /autodial/detail
DEBUG 2024-05-14 09:07:59.022 [http-nio-8078-exec-6] [LoggerInterceptor:31] - ==================== END ======================
DEBUG 2024-05-14 09:07:59.059 [http-nio-8078-exec-7] [LoggerInterceptor:20] - ==================== BEGIN ====================
DEBUG 2024-05-14 09:07:59.059 [http-nio-8078-exec-3] [LoggerInterceptor:20] - ==================== BEGIN ====================
DEBUG 2024-05-14 09:07:59.059 [http-nio-8078-exec-7] [LoggerInterceptor:21] - Request URI ===> /autodial/img/logo.png
DEBUG 2024-05-14 09:07:59.059 [http-nio-8078-exec-3] [LoggerInterceptor:21] - Request URI ===> /autodial/img/vodacom.png
DEBUG 2024-05-14 09:07:59.062 [http-nio-8078-exec-7] [LoggerInterceptor:31] - ==================== END ======================
DEBUG 2024-05-14 09:07:59.062 [http-nio-8078-exec-3] [LoggerInterceptor:31] - ==================== END ======================
DEBUG 2024-05-14 09:07:59.124 [http-nio-8078-exec-9] [LoggerInterceptor:20] - ==================== BEGIN ====================
DEBUG 2024-05-14 09:07:59.124 [http-nio-8078-exec-7] [LoggerInterceptor:20] - ==================== BEGIN ====================
DEBUG 2024-05-14 09:07:59.124 [http-nio-8078-exec-9] [LoggerInterceptor:21] - Request URI ===> /autodial/webfonts/fa-light-300.woff2
DEBUG 2024-05-14 09:07:59.124 [http-nio-8078-exec-1] [LoggerInterceptor:20] - ==================== BEGIN ====================
DEBUG 2024-05-14 09:07:59.124 [http-nio-8078-exec-7] [LoggerInterceptor:21] - Request URI ===> /autodial/webfonts/nextgen-icons.woff2
DEBUG 2024-05-14 09:07:59.124 [http-nio-8078-exec-1] [LoggerInterceptor:21] - Request URI ===> /autodial/webfonts/fa-solid-900.woff2
DEBUG 2024-05-14 09:07:59.126 [http-nio-8078-exec-7] [LoggerInterceptor:31] - ==================== END ======================
DEBUG 2024-05-14 09:07:59.126 [http-nio-8078-exec-1] [LoggerInterceptor:31] - ==================== END ======================
DEBUG 2024-05-14 09:07:59.126 [http-nio-8078-exec-9] [LoggerInterceptor:31] - ==================== END ======================
DEBUG 2024-05-14 09:07:59.179 [http-nio-8078-exec-8] [LoggerInterceptor:20] - ==================== BEGIN ====================
DEBUG 2024-05-14 09:07:59.179 [http-nio-8078-exec-8] [LoggerInterceptor:21] - Request URI ===> /autodial/detaillist
DEBUG 2024-05-14 09:07:59.179 [http-nio-8078-exec-8] [AbstractDAO:15] - 	 QueryId  	:  Device.DetailList
DEBUG 2024-05-14 09:07:59.181 [http-nio-8078-exec-8] [sqlonly:223] -  com.zaxxer.hikari.pool.ProxyPreparedStatement.execute(ProxyPreparedStatement.java:44)
11. call usp_detail_list_s(NULL, NULL)

DEBUG 2024-05-14 09:07:59.184 [http-nio-8078-exec-8] [LoggerInterceptor:31] - ==================== END ======================
DEBUG 2024-05-14 09:07:59.184 [http-nio-8078-exec-2] [LoggerInterceptor:20] - ==================== BEGIN ====================
DEBUG 2024-05-14 09:07:59.184 [http-nio-8078-exec-2] [LoggerInterceptor:21] - Request URI ===> /autodial/account/list
DEBUG 2024-05-14 09:07:59.185 [http-nio-8078-exec-2] [AbstractDAO:15] - 	 QueryId  	:  Account.AccountList
DEBUG 2024-05-14 09:07:59.185 [http-nio-8078-exec-2] [sqlonly:223] -  com.zaxxer.hikari.pool.ProxyPreparedStatement.execute(ProxyPreparedStatement.java:44)
11. call usp_account_list_s()

DEBUG 2024-05-14 09:07:59.187 [http-nio-8078-exec-2] [LoggerInterceptor:31] - ==================== END ======================
DEBUG 2024-05-14 09:08:06.048 [http-nio-8078-exec-10] [LoggerInterceptor:20] - ==================== BEGIN ====================
DEBUG 2024-05-14 09:08:06.049 [http-nio-8078-exec-10] [LoggerInterceptor:21] - Request URI ===> /autodial/detaillist
DEBUG 2024-05-14 09:08:06.049 [http-nio-8078-exec-10] [ArgumentResolver:54] - ##### XSSParam key : start_dt, value : 2024-04-01
DEBUG 2024-05-14 09:08:06.049 [http-nio-8078-exec-10] [ArgumentResolver:54] - ##### XSSParam key : end_dt, value : 2024-05-14
DEBUG 2024-05-14 09:08:06.049 [http-nio-8078-exec-10] [AbstractDAO:15] - 	 QueryId  	:  Device.DetailList
DEBUG 2024-05-14 09:08:06.051 [http-nio-8078-exec-10] [sqlonly:223] -  com.zaxxer.hikari.pool.ProxyPreparedStatement.execute(ProxyPreparedStatement.java:44)
11. call usp_detail_list_s('2024-04-01', '2024-05-14')

DEBUG 2024-05-14 09:08:06.055 [http-nio-8078-exec-10] [LoggerInterceptor:31] - ==================== END ======================
DEBUG 2024-05-14 09:11:22.080 [http-nio-8078-exec-2] [LoggerInterceptor:20] - ==================== BEGIN ====================
DEBUG 2024-05-14 09:11:22.081 [http-nio-8078-exec-2] [LoggerInterceptor:21] - Request URI ===> /autodial/stats
DEBUG 2024-05-14 09:11:22.081 [http-nio-8078-exec-2] [LoggerInterceptor:31] - ==================== END ======================
DEBUG 2024-05-14 09:11:22.117 [http-nio-8078-exec-6] [LoggerInterceptor:20] - ==================== BEGIN ====================
DEBUG 2024-05-14 09:11:22.118 [http-nio-8078-exec-6] [LoggerInterceptor:21] - Request URI ===> /autodial/img/vodacom.png
DEBUG 2024-05-14 09:11:22.119 [http-nio-8078-exec-10] [LoggerInterceptor:20] - ==================== BEGIN ====================
DEBUG 2024-05-14 09:11:22.119 [http-nio-8078-exec-10] [LoggerInterceptor:21] - Request URI ===> /autodial/img/logo.png
DEBUG 2024-05-14 09:11:22.120 [http-nio-8078-exec-6] [LoggerInterceptor:31] - ==================== END ======================
DEBUG 2024-05-14 09:11:22.122 [http-nio-8078-exec-10] [LoggerInterceptor:31] - ==================== END ======================
DEBUG 2024-05-14 09:11:22.153 [http-nio-8078-exec-5] [LoggerInterceptor:20] - ==================== BEGIN ====================
DEBUG 2024-05-14 09:11:22.153 [http-nio-8078-exec-7] [LoggerInterceptor:20] - ==================== BEGIN ====================
DEBUG 2024-05-14 09:11:22.153 [http-nio-8078-exec-6] [LoggerInterceptor:20] - ==================== BEGIN ====================
DEBUG 2024-05-14 09:11:22.153 [http-nio-8078-exec-5] [LoggerInterceptor:21] - Request URI ===> /autodial/webfonts/fa-solid-900.woff2
DEBUG 2024-05-14 09:11:22.153 [http-nio-8078-exec-7] [LoggerInterceptor:21] - Request URI ===> /autodial/webfonts/fa-light-300.woff2
DEBUG 2024-05-14 09:11:22.153 [http-nio-8078-exec-6] [LoggerInterceptor:21] - Request URI ===> /autodial/webfonts/nextgen-icons.woff2
DEBUG 2024-05-14 09:11:22.156 [http-nio-8078-exec-6] [LoggerInterceptor:31] - ==================== END ======================
DEBUG 2024-05-14 09:11:22.156 [http-nio-8078-exec-5] [LoggerInterceptor:31] - ==================== END ======================
DEBUG 2024-05-14 09:11:22.156 [http-nio-8078-exec-7] [LoggerInterceptor:31] - ==================== END ======================
DEBUG 2024-05-14 09:11:22.214 [http-nio-8078-exec-4] [LoggerInterceptor:20] - ==================== BEGIN ====================
DEBUG 2024-05-14 09:11:22.215 [http-nio-8078-exec-4] [LoggerInterceptor:21] - Request URI ===> /autodial/statslist
DEBUG 2024-05-14 09:11:22.215 [http-nio-8078-exec-4] [AbstractDAO:15] - 	 QueryId  	:  Device.StatsList
DEBUG 2024-05-14 09:11:22.217 [http-nio-8078-exec-4] [sqlonly:223] -  com.zaxxer.hikari.pool.ProxyPreparedStatement.execute(ProxyPreparedStatement.java:44)
11. call usp_stats_list_s(NULL, NULL, NULL)

DEBUG 2024-05-14 09:11:22.220 [http-nio-8078-exec-3] [LoggerInterceptor:20] - ==================== BEGIN ====================
DEBUG 2024-05-14 09:11:22.220 [http-nio-8078-exec-3] [LoggerInterceptor:21] - Request URI ===> /autodial/account/list
DEBUG 2024-05-14 09:11:22.220 [http-nio-8078-exec-3] [AbstractDAO:15] - 	 QueryId  	:  Account.AccountList
DEBUG 2024-05-14 09:11:22.220 [http-nio-8078-exec-4] [LoggerInterceptor:31] - ==================== END ======================
DEBUG 2024-05-14 09:11:22.221 [http-nio-8078-exec-3] [sqlonly:223] -  com.zaxxer.hikari.pool.ProxyPreparedStatement.execute(ProxyPreparedStatement.java:44)
11. call usp_account_list_s()

DEBUG 2024-05-14 09:11:22.223 [http-nio-8078-exec-3] [LoggerInterceptor:31] - ==================== END ======================
DEBUG 2024-05-14 09:11:25.293 [http-nio-8078-exec-1] [LoggerInterceptor:20] - ==================== BEGIN ====================
DEBUG 2024-05-14 09:11:25.293 [http-nio-8078-exec-1] [LoggerInterceptor:21] - Request URI ===> /autodial/statslist
DEBUG 2024-05-14 09:11:25.294 [http-nio-8078-exec-1] [ArgumentResolver:54] - ##### XSSParam key : start_dt, value : 2024-04-01
DEBUG 2024-05-14 09:11:25.294 [http-nio-8078-exec-1] [ArgumentResolver:54] - ##### XSSParam key : end_dt, value : 2024-05-14
DEBUG 2024-05-14 09:11:25.294 [http-nio-8078-exec-1] [ArgumentResolver:54] - ##### XSSParam key : srch_type, value : 0
DEBUG 2024-05-14 09:11:25.295 [http-nio-8078-exec-1] [AbstractDAO:15] - 	 QueryId  	:  Device.StatsList
DEBUG 2024-05-14 09:11:25.296 [http-nio-8078-exec-1] [sqlonly:223] -  com.zaxxer.hikari.pool.ProxyPreparedStatement.execute(ProxyPreparedStatement.java:44)
11. call usp_stats_list_s('0', '2024-04-01', '2024-05-14')

DEBUG 2024-05-14 09:11:25.299 [http-nio-8078-exec-1] [LoggerInterceptor:31] - ==================== END ======================
DEBUG 2024-05-14 09:11:28.805 [http-nio-8078-exec-9] [LoggerInterceptor:20] - ==================== BEGIN ====================
DEBUG 2024-05-14 09:11:28.805 [http-nio-8078-exec-9] [LoggerInterceptor:21] - Request URI ===> /autodial/statslist
DEBUG 2024-05-14 09:11:28.806 [http-nio-8078-exec-9] [ArgumentResolver:54] - ##### XSSParam key : start_dt, value : 2024-04-01
DEBUG 2024-05-14 09:11:28.806 [http-nio-8078-exec-9] [ArgumentResolver:54] - ##### XSSParam key : end_dt, value : 2024-05-14
DEBUG 2024-05-14 09:11:28.806 [http-nio-8078-exec-9] [ArgumentResolver:54] - ##### XSSParam key : srch_type, value : 1
DEBUG 2024-05-14 09:11:28.806 [http-nio-8078-exec-9] [AbstractDAO:15] - 	 QueryId  	:  Device.StatsList
DEBUG 2024-05-14 09:11:28.808 [http-nio-8078-exec-9] [sqlonly:223] -  com.zaxxer.hikari.pool.ProxyPreparedStatement.execute(ProxyPreparedStatement.java:44)
11. call usp_stats_list_s('1', '2024-04-01', '2024-05-14')

DEBUG 2024-05-14 09:11:28.811 [http-nio-8078-exec-9] [LoggerInterceptor:31] - ==================== END ======================
DEBUG 2024-05-14 09:12:20.326 [http-nio-8078-exec-8] [LoggerInterceptor:20] - ==================== BEGIN ====================
DEBUG 2024-05-14 09:12:20.326 [http-nio-8078-exec-8] [LoggerInterceptor:21] - Request URI ===> /autodial/statslist
DEBUG 2024-05-14 09:12:20.327 [http-nio-8078-exec-8] [ArgumentResolver:54] - ##### XSSParam key : start_dt, value : 2024-04-01
DEBUG 2024-05-14 09:12:20.327 [http-nio-8078-exec-8] [ArgumentResolver:54] - ##### XSSParam key : end_dt, value : 2024-05-14
DEBUG 2024-05-14 09:12:20.327 [http-nio-8078-exec-8] [ArgumentResolver:54] - ##### XSSParam key : srch_type, value : 0
DEBUG 2024-05-14 09:12:20.327 [http-nio-8078-exec-8] [AbstractDAO:15] - 	 QueryId  	:  Device.StatsList
DEBUG 2024-05-14 09:12:20.329 [http-nio-8078-exec-8] [sqlonly:223] -  com.zaxxer.hikari.pool.ProxyPreparedStatement.execute(ProxyPreparedStatement.java:44)
11. call usp_stats_list_s('0', '2024-04-01', '2024-05-14')

DEBUG 2024-05-14 09:12:20.331 [http-nio-8078-exec-8] [LoggerInterceptor:31] - ==================== END ======================
DEBUG 2024-05-14 09:12:22.359 [http-nio-8078-exec-10] [LoggerInterceptor:20] - ==================== BEGIN ====================
DEBUG 2024-05-14 09:12:22.359 [http-nio-8078-exec-10] [LoggerInterceptor:21] - Request URI ===> /autodial/statslist
DEBUG 2024-05-14 09:12:22.360 [http-nio-8078-exec-10] [ArgumentResolver:54] - ##### XSSParam key : start_dt, value : 2024-04-01
DEBUG 2024-05-14 09:12:22.360 [http-nio-8078-exec-10] [ArgumentResolver:54] - ##### XSSParam key : end_dt, value : 2024-05-14
DEBUG 2024-05-14 09:12:22.360 [http-nio-8078-exec-10] [ArgumentResolver:54] - ##### XSSParam key : srch_type, value : 1
DEBUG 2024-05-14 09:12:22.360 [http-nio-8078-exec-10] [AbstractDAO:15] - 	 QueryId  	:  Device.StatsList
DEBUG 2024-05-14 09:12:22.363 [http-nio-8078-exec-10] [sqlonly:223] -  com.zaxxer.hikari.pool.ProxyPreparedStatement.execute(ProxyPreparedStatement.java:44)
11. call usp_stats_list_s('1', '2024-04-01', '2024-05-14')

DEBUG 2024-05-14 09:12:22.365 [http-nio-8078-exec-10] [LoggerInterceptor:31] - ==================== END ======================
DEBUG 2024-05-14 09:12:23.489 [http-nio-8078-exec-2] [LoggerInterceptor:20] - ==================== BEGIN ====================
DEBUG 2024-05-14 09:12:23.489 [http-nio-8078-exec-2] [LoggerInterceptor:21] - Request URI ===> /autodial/statslist
DEBUG 2024-05-14 09:12:23.490 [http-nio-8078-exec-2] [ArgumentResolver:54] - ##### XSSParam key : start_dt, value : 2024-04-01
DEBUG 2024-05-14 09:12:23.490 [http-nio-8078-exec-2] [ArgumentResolver:54] - ##### XSSParam key : end_dt, value : 2024-05-14
DEBUG 2024-05-14 09:12:23.490 [http-nio-8078-exec-2] [ArgumentResolver:54] - ##### XSSParam key : srch_type, value : 0
DEBUG 2024-05-14 09:12:23.490 [http-nio-8078-exec-2] [AbstractDAO:15] - 	 QueryId  	:  Device.StatsList
DEBUG 2024-05-14 09:12:23.492 [http-nio-8078-exec-2] [sqlonly:223] -  com.zaxxer.hikari.pool.ProxyPreparedStatement.execute(ProxyPreparedStatement.java:44)
11. call usp_stats_list_s('0', '2024-04-01', '2024-05-14')

DEBUG 2024-05-14 09:12:23.494 [http-nio-8078-exec-2] [LoggerInterceptor:31] - ==================== END ======================
INFO  2024-05-14 09:26:39.374 [File Watcher] [LocalDevToolsAutoConfiguration$RestartingClassPathChangeChangedEventListener:211] - Restarting due to 67 class path changes (0 additions, 0 deletions, 67 modifications)
INFO  2024-05-14 09:26:39.475 [Thread-9] [Http11NioProtocol:173] - Pausing ProtocolHandler ["http-nio-8078"]
INFO  2024-05-14 09:26:39.476 [Thread-9] [StandardService:173] - Stopping service [Tomcat]
INFO  2024-05-14 09:26:39.476 [Thread-9] [[/autodial]:173] - Destroying Spring FrameworkServlet 'dispatcherServlet'
INFO  2024-05-14 09:26:39.481 [Thread-9] [Http11NioProtocol:173] - Stopping ProtocolHandler ["http-nio-8078"]
INFO  2024-05-14 09:26:39.482 [Thread-9] [Http11NioProtocol:173] - Destroying ProtocolHandler ["http-nio-8078"]
INFO  2024-05-14 09:26:39.484 [Thread-9] [HikariDataSource:350] - HikariPool-1 - Shutdown initiated...
INFO  2024-05-14 09:26:39.495 [Thread-9] [HikariDataSource:352] - HikariPool-1 - Shutdown completed.
INFO  2024-05-14 09:26:39.628 [restartedMain] [AutocallApplication:55] - Starting AutocallApplication using Java 1.8.0_361 on DESKTOP-5BDQ2AQ with PID 7760 (C:\Users\82106\IdeaProjects\실무\autocall\autocall\build\classes\java\main started by 이상민 in C:\Users\82106\IdeaProjects\실무\autocall\autocall)
DEBUG 2024-05-14 09:26:39.628 [restartedMain] [AutocallApplication:56] - Running with Spring Boot v2.7.14, Spring v5.3.29
INFO  2024-05-14 09:26:39.628 [restartedMain] [AutocallApplication:631] - No active profile set, falling back to 1 default profile: "default"
WARN  2024-05-14 09:26:39.747 [restartedMain] [ClassPathMapperScanner:44] - No MyBatis mapper was found in '[com.vdc.autocall]' package. Please check your configuration.
INFO  2024-05-14 09:26:39.772 [restartedMain] [TomcatWebServer:108] - Tomcat initialized with port(s): 8078 (http)
INFO  2024-05-14 09:26:39.773 [restartedMain] [Http11NioProtocol:173] - Initializing ProtocolHandler ["http-nio-8078"]
INFO  2024-05-14 09:26:39.773 [restartedMain] [StandardService:173] - Starting service [Tomcat]
INFO  2024-05-14 09:26:39.773 [restartedMain] [StandardEngine:173] - Starting Servlet engine: [Apache Tomcat/9.0.78]
INFO  2024-05-14 09:26:39.782 [restartedMain] [[/autodial]:173] - Initializing Spring embedded WebApplicationContext
INFO  2024-05-14 09:26:39.782 [restartedMain] [ServletWebServerApplicationContext:292] - Root WebApplicationContext: initialization completed in 153 ms
INFO  2024-05-14 09:26:39.796 [restartedMain] [HikariDataSource:80] - HikariPool-2 - Starting...
WARN  2024-05-14 09:26:39.798 [restartedMain] [ErrorPacket:100] - Error: 1045-28000: Access denied for user 'vdc'@'localhost' (using password: YES)
ERROR 2024-05-14 09:26:40.805 [restartedMain] [HikariPool:594] - HikariPool-2 - Exception during pool initialization.
java.sql.SQLInvalidAuthorizationSpecException: (conn=4020) Access denied for user 'vdc'@'localhost' (using password: YES)
	at org.mariadb.jdbc.export.ExceptionFactory.createException(ExceptionFactory.java:286)
	at org.mariadb.jdbc.export.ExceptionFactory.create(ExceptionFactory.java:370)
	at org.mariadb.jdbc.client.impl.ConnectionHelper.authenticationHandler(ConnectionHelper.java:284)
	at org.mariadb.jdbc.client.impl.StandardClient.<init>(StandardClient.java:185)
	at org.mariadb.jdbc.Driver.connect(Driver.java:70)
	at org.mariadb.jdbc.Driver.connect(Driver.java:101)
	at org.mariadb.jdbc.Driver.connect(Driver.java:27)
	at net.sf.log4jdbc.sql.jdbcapi.DriverSpy.connect(DriverSpy.java:401)
	at com.zaxxer.hikari.util.DriverDataSource.getConnection(DriverDataSource.java:138)
	at com.zaxxer.hikari.pool.PoolBase.newConnection(PoolBase.java:364)
	at com.zaxxer.hikari.pool.PoolBase.newPoolEntry(PoolBase.java:206)
	at com.zaxxer.hikari.pool.HikariPool.createPoolEntry(HikariPool.java:476)
	at com.zaxxer.hikari.pool.HikariPool.checkFailFast(HikariPool.java:561)
	at com.zaxxer.hikari.pool.HikariPool.<init>(HikariPool.java:115)
	at com.zaxxer.hikari.HikariDataSource.<init>(HikariDataSource.java:81)
	at com.vdc.autocall.configuration.DatabaseConfig.DataSourceMain(DatabaseConfig.java:36)
	at com.vdc.autocall.configuration.DatabaseConfig$$EnhancerBySpringCGLIB$$b8f207b6.CGLIB$DataSourceMain$1(<generated>)
	at com.vdc.autocall.configuration.DatabaseConfig$$EnhancerBySpringCGLIB$$b8f207b6$$FastClassBySpringCGLIB$$2a4f8626.invoke(<generated>)
	at org.springframework.cglib.proxy.MethodProxy.invokeSuper(MethodProxy.java:244)
	at org.springframework.context.annotation.ConfigurationClassEnhancer$BeanMethodInterceptor.intercept(ConfigurationClassEnhancer.java:331)
	at com.vdc.autocall.configuration.DatabaseConfig$$EnhancerBySpringCGLIB$$b8f207b6.DataSourceMain(<generated>)
	at sun.reflect.NativeMethodAccessorImpl.invoke0(Native Method)
	at sun.reflect.NativeMethodAccessorImpl.invoke(NativeMethodAccessorImpl.java:62)
	at sun.reflect.DelegatingMethodAccessorImpl.invoke(DelegatingMethodAccessorImpl.java:43)
	at java.lang.reflect.Method.invoke(Method.java:498)
	at org.springframework.beans.factory.support.SimpleInstantiationStrategy.instantiate(SimpleInstantiationStrategy.java:154)
	at org.springframework.beans.factory.support.ConstructorResolver.instantiate(ConstructorResolver.java:653)
	at org.springframework.beans.factory.support.ConstructorResolver.instantiateUsingFactoryMethod(ConstructorResolver.java:486)
	at org.springframework.beans.factory.support.AbstractAutowireCapableBeanFactory.instantiateUsingFactoryMethod(AbstractAutowireCapableBeanFactory.java:1352)
	at org.springframework.beans.factory.support.AbstractAutowireCapableBeanFactory.createBeanInstance(AbstractAutowireCapableBeanFactory.java:1195)
	at org.springframework.beans.factory.support.AbstractAutowireCapableBeanFactory.doCreateBean(AbstractAutowireCapableBeanFactory.java:582)
	at org.springframework.beans.factory.support.AbstractAutowireCapableBeanFactory.createBean(AbstractAutowireCapableBeanFactory.java:542)
	at org.springframework.beans.factory.support.AbstractBeanFactory.lambda$doGetBean$0(AbstractBeanFactory.java:335)
	at org.springframework.beans.factory.support.DefaultSingletonBeanRegistry.getSingleton(DefaultSingletonBeanRegistry.java:234)
	at org.springframework.beans.factory.support.AbstractBeanFactory.doGetBean(AbstractBeanFactory.java:333)
	at org.springframework.beans.factory.support.AbstractBeanFactory.getBean(AbstractBeanFactory.java:208)
	at org.springframework.beans.factory.config.DependencyDescriptor.resolveCandidate(DependencyDescriptor.java:276)
	at org.springframework.beans.factory.support.DefaultListableBeanFactory.doResolveDependency(DefaultListableBeanFactory.java:1391)
	at org.springframework.beans.factory.support.DefaultListableBeanFactory.resolveDependency(DefaultListableBeanFactory.java:1311)
	at org.springframework.beans.factory.support.ConstructorResolver.resolveAutowiredArgument(ConstructorResolver.java:887)
	at org.springframework.beans.factory.support.ConstructorResolver.createArgumentArray(ConstructorResolver.java:791)
	at org.springframework.beans.factory.support.ConstructorResolver.instantiateUsingFactoryMethod(ConstructorResolver.java:541)
	at org.springframework.beans.factory.support.AbstractAutowireCapableBeanFactory.instantiateUsingFactoryMethod(AbstractAutowireCapableBeanFactory.java:1352)
	at org.springframework.beans.factory.support.AbstractAutowireCapableBeanFactory.createBeanInstance(AbstractAutowireCapableBeanFactory.java:1195)
	at org.springframework.beans.factory.support.AbstractAutowireCapableBeanFactory.doCreateBean(AbstractAutowireCapableBeanFactory.java:582)
	at org.springframework.beans.factory.support.AbstractAutowireCapableBeanFactory.createBean(AbstractAutowireCapableBeanFactory.java:542)
	at org.springframework.beans.factory.support.AbstractBeanFactory.lambda$doGetBean$0(AbstractBeanFactory.java:335)
	at org.springframework.beans.factory.support.DefaultSingletonBeanRegistry.getSingleton(DefaultSingletonBeanRegistry.java:234)
	at org.springframework.beans.factory.support.AbstractBeanFactory.doGetBean(AbstractBeanFactory.java:333)
	at org.springframework.beans.factory.support.AbstractBeanFactory.getBean(AbstractBeanFactory.java:208)
	at org.springframework.beans.factory.support.AbstractBeanFactory.doGetBean(AbstractBeanFactory.java:322)
	at org.springframework.beans.factory.support.AbstractBeanFactory.getBean(AbstractBeanFactory.java:213)
	at org.springframework.beans.factory.support.AbstractAutowireCapableBeanFactory.resolveBeanByName(AbstractAutowireCapableBeanFactory.java:479)
	at org.springframework.context.annotation.CommonAnnotationBeanPostProcessor.autowireResource(CommonAnnotationBeanPostProcessor.java:550)
	at org.springframework.context.annotation.CommonAnnotationBeanPostProcessor.getResource(CommonAnnotationBeanPostProcessor.java:520)
	at org.springframework.context.annotation.CommonAnnotationBeanPostProcessor$ResourceElement.getResourceToInject(CommonAnnotationBeanPostProcessor.java:673)
	at org.springframework.beans.factory.annotation.InjectionMetadata$InjectedElement.inject(InjectionMetadata.java:228)
	at org.springframework.beans.factory.annotation.InjectionMetadata.inject(InjectionMetadata.java:119)
	at org.springframework.context.annotation.CommonAnnotationBeanPostProcessor.postProcessProperties(CommonAnnotationBeanPostProcessor.java:329)
	at org.springframework.beans.factory.support.AbstractAutowireCapableBeanFactory.populateBean(AbstractAutowireCapableBeanFactory.java:1431)
	at org.springframework.beans.factory.support.AbstractAutowireCapableBeanFactory.doCreateBean(AbstractAutowireCapableBeanFactory.java:619)
	at org.springframework.beans.factory.support.AbstractAutowireCapableBeanFactory.createBean(AbstractAutowireCapableBeanFactory.java:542)
	at org.springframework.beans.factory.support.AbstractBeanFactory.lambda$doGetBean$0(AbstractBeanFactory.java:335)
	at org.springframework.beans.factory.support.DefaultSingletonBeanRegistry.getSingleton(DefaultSingletonBeanRegistry.java:234)
	at org.springframework.beans.factory.support.AbstractBeanFactory.doGetBean(AbstractBeanFactory.java:333)
	at org.springframework.beans.factory.support.AbstractBeanFactory.getBean(AbstractBeanFactory.java:213)
	at org.springframework.beans.factory.support.AbstractAutowireCapableBeanFactory.resolveBeanByName(AbstractAutowireCapableBeanFactory.java:479)
	at org.springframework.context.annotation.CommonAnnotationBeanPostProcessor.autowireResource(CommonAnnotationBeanPostProcessor.java:550)
	at org.springframework.context.annotation.CommonAnnotationBeanPostProcessor.getResource(CommonAnnotationBeanPostProcessor.java:520)
	at org.springframework.context.annotation.CommonAnnotationBeanPostProcessor$ResourceElement.getResourceToInject(CommonAnnotationBeanPostProcessor.java:673)
	at org.springframework.beans.factory.annotation.InjectionMetadata$InjectedElement.inject(InjectionMetadata.java:228)
	at org.springframework.beans.factory.annotation.InjectionMetadata.inject(InjectionMetadata.java:119)
	at org.springframework.context.annotation.CommonAnnotationBeanPostProcessor.postProcessProperties(CommonAnnotationBeanPostProcessor.java:329)
	at org.springframework.beans.factory.support.AbstractAutowireCapableBeanFactory.populateBean(AbstractAutowireCapableBeanFactory.java:1431)
	at org.springframework.beans.factory.support.AbstractAutowireCapableBeanFactory.doCreateBean(AbstractAutowireCapableBeanFactory.java:619)
	at org.springframework.beans.factory.support.AbstractAutowireCapableBeanFactory.createBean(AbstractAutowireCapableBeanFactory.java:542)
	at org.springframework.beans.factory.support.AbstractBeanFactory.lambda$doGetBean$0(AbstractBeanFactory.java:335)
	at org.springframework.beans.factory.support.DefaultSingletonBeanRegistry.getSingleton(DefaultSingletonBeanRegistry.java:234)
	at org.springframework.beans.factory.support.AbstractBeanFactory.doGetBean(AbstractBeanFactory.java:333)
	at org.springframework.beans.factory.support.AbstractBeanFactory.getBean(AbstractBeanFactory.java:213)
	at org.springframework.beans.factory.support.AbstractAutowireCapableBeanFactory.resolveBeanByName(AbstractAutowireCapableBeanFactory.java:479)
	at org.springframework.context.annotation.CommonAnnotationBeanPostProcessor.autowireResource(CommonAnnotationBeanPostProcessor.java:550)
	at org.springframework.context.annotation.CommonAnnotationBeanPostProcessor.getResource(CommonAnnotationBeanPostProcessor.java:520)
	at org.springframework.context.annotation.CommonAnnotationBeanPostProcessor$ResourceElement.getResourceToInject(CommonAnnotationBeanPostProcessor.java:673)
	at org.springframework.beans.factory.annotation.InjectionMetadata$InjectedElement.inject(InjectionMetadata.java:228)
	at org.springframework.beans.factory.annotation.InjectionMetadata.inject(InjectionMetadata.java:119)
	at org.springframework.context.annotation.CommonAnnotationBeanPostProcessor.postProcessProperties(CommonAnnotationBeanPostProcessor.java:329)
	at org.springframework.beans.factory.support.AbstractAutowireCapableBeanFactory.populateBean(AbstractAutowireCapableBeanFactory.java:1431)
	at org.springframework.beans.factory.support.AbstractAutowireCapableBeanFactory.doCreateBean(AbstractAutowireCapableBeanFactory.java:619)
	at org.springframework.beans.factory.support.AbstractAutowireCapableBeanFactory.createBean(AbstractAutowireCapableBeanFactory.java:542)
	at org.springframework.beans.factory.support.AbstractBeanFactory.lambda$doGetBean$0(AbstractBeanFactory.java:335)
	at org.springframework.beans.factory.support.DefaultSingletonBeanRegistry.getSingleton(DefaultSingletonBeanRegistry.java:234)
	at org.springframework.beans.factory.support.AbstractBeanFactory.doGetBean(AbstractBeanFactory.java:333)
	at org.springframework.beans.factory.support.AbstractBeanFactory.getBean(AbstractBeanFactory.java:208)
	at org.springframework.beans.factory.support.DefaultListableBeanFactory.preInstantiateSingletons(DefaultListableBeanFactory.java:955)
	at org.springframework.context.support.AbstractApplicationContext.finishBeanFactoryInitialization(AbstractApplicationContext.java:921)
	at org.springframework.context.support.AbstractApplicationContext.refresh(AbstractApplicationContext.java:583)
	at org.springframework.boot.web.servlet.context.ServletWebServerApplicationContext.refresh(ServletWebServerApplicationContext.java:147)
	at org.springframework.boot.SpringApplication.refresh(SpringApplication.java:731)
	at org.springframework.boot.SpringApplication.refreshContext(SpringApplication.java:408)
	at org.springframework.boot.SpringApplication.run(SpringApplication.java:307)
	at org.springframework.boot.SpringApplication.run(SpringApplication.java:1303)
	at org.springframework.boot.SpringApplication.run(SpringApplication.java:1292)
	at com.vdc.autocall.AutocallApplication.main(AutocallApplication.java:10)
	at sun.reflect.NativeMethodAccessorImpl.invoke0(Native Method)
	at sun.reflect.NativeMethodAccessorImpl.invoke(NativeMethodAccessorImpl.java:62)
	at sun.reflect.DelegatingMethodAccessorImpl.invoke(DelegatingMethodAccessorImpl.java:43)
	at java.lang.reflect.Method.invoke(Method.java:498)
	at org.springframework.boot.devtools.restart.RestartLauncher.run(RestartLauncher.java:50)
WARN  2024-05-14 09:26:40.810 [restartedMain] [AnnotationConfigServletWebServerApplicationContext:591] - Exception encountered during context initialization - cancelling refresh attempt: org.springframework.beans.factory.BeanCreationException: Error creating bean with name 'accountController': Injection of resource dependencies failed; nested exception is org.springframework.beans.factory.BeanCreationException: Error creating bean with name 'accountService': Injection of resource dependencies failed; nested exception is org.springframework.beans.factory.BeanCreationException: Error creating bean with name 'accountDao': Injection of resource dependencies failed; nested exception is org.springframework.beans.factory.UnsatisfiedDependencyException: Error creating bean with name 'dataSourceScriptDatabaseInitializer' defined in class path resource [org/springframework/boot/autoconfigure/sql/init/DataSourceInitializationConfiguration.class]: Unsatisfied dependency expressed through method 'dataSourceScriptDatabaseInitializer' parameter 0; nested exception is org.springframework.beans.factory.BeanCreationException: Error creating bean with name 'DataSourceMain' defined in class path resource [com/vdc/autocall/configuration/DatabaseConfig.class]: Bean instantiation via factory method failed; nested exception is org.springframework.beans.BeanInstantiationException: Failed to instantiate [javax.sql.DataSource]: Factory method 'DataSourceMain' threw exception; nested exception is com.zaxxer.hikari.pool.HikariPool$PoolInitializationException: Failed to initialize pool: (conn=4020) Access denied for user 'vdc'@'localhost' (using password: YES)
INFO  2024-05-14 09:26:40.810 [restartedMain] [StandardService:173] - Stopping service [Tomcat]
INFO  2024-05-14 09:26:40.816 [restartedMain] [ConditionEvaluationReportLoggingListener:136] - 

Error starting ApplicationContext. To display the conditions report re-run your application with 'debug' enabled.
ERROR 2024-05-14 09:26:40.837 [restartedMain] [SpringApplication:821] - Application run failed
org.springframework.beans.factory.BeanCreationException: Error creating bean with name 'accountController': Injection of resource dependencies failed; nested exception is org.springframework.beans.factory.BeanCreationException: Error creating bean with name 'accountService': Injection of resource dependencies failed; nested exception is org.springframework.beans.factory.BeanCreationException: Error creating bean with name 'accountDao': Injection of resource dependencies failed; nested exception is org.springframework.beans.factory.UnsatisfiedDependencyException: Error creating bean with name 'dataSourceScriptDatabaseInitializer' defined in class path resource [org/springframework/boot/autoconfigure/sql/init/DataSourceInitializationConfiguration.class]: Unsatisfied dependency expressed through method 'dataSourceScriptDatabaseInitializer' parameter 0; nested exception is org.springframework.beans.factory.BeanCreationException: Error creating bean with name 'DataSourceMain' defined in class path resource [com/vdc/autocall/configuration/DatabaseConfig.class]: Bean instantiation via factory method failed; nested exception is org.springframework.beans.BeanInstantiationException: Failed to instantiate [javax.sql.DataSource]: Factory method 'DataSourceMain' threw exception; nested exception is com.zaxxer.hikari.pool.HikariPool$PoolInitializationException: Failed to initialize pool: (conn=4020) Access denied for user 'vdc'@'localhost' (using password: YES)
	at org.springframework.context.annotation.CommonAnnotationBeanPostProcessor.postProcessProperties(CommonAnnotationBeanPostProcessor.java:332)
	at org.springframework.beans.factory.support.AbstractAutowireCapableBeanFactory.populateBean(AbstractAutowireCapableBeanFactory.java:1431)
	at org.springframework.beans.factory.support.AbstractAutowireCapableBeanFactory.doCreateBean(AbstractAutowireCapableBeanFactory.java:619)
	at org.springframework.beans.factory.support.AbstractAutowireCapableBeanFactory.createBean(AbstractAutowireCapableBeanFactory.java:542)
	at org.springframework.beans.factory.support.AbstractBeanFactory.lambda$doGetBean$0(AbstractBeanFactory.java:335)
	at org.springframework.beans.factory.support.DefaultSingletonBeanRegistry.getSingleton(DefaultSingletonBeanRegistry.java:234)
	at org.springframework.beans.factory.support.AbstractBeanFactory.doGetBean(AbstractBeanFactory.java:333)
	at org.springframework.beans.factory.support.AbstractBeanFactory.getBean(AbstractBeanFactory.java:208)
	at org.springframework.beans.factory.support.DefaultListableBeanFactory.preInstantiateSingletons(DefaultListableBeanFactory.java:955)
	at org.springframework.context.support.AbstractApplicationContext.finishBeanFactoryInitialization(AbstractApplicationContext.java:921)
	at org.springframework.context.support.AbstractApplicationContext.refresh(AbstractApplicationContext.java:583)
	at org.springframework.boot.web.servlet.context.ServletWebServerApplicationContext.refresh(ServletWebServerApplicationContext.java:147)
	at org.springframework.boot.SpringApplication.refresh(SpringApplication.java:731)
	at org.springframework.boot.SpringApplication.refreshContext(SpringApplication.java:408)
	at org.springframework.boot.SpringApplication.run(SpringApplication.java:307)
	at org.springframework.boot.SpringApplication.run(SpringApplication.java:1303)
	at org.springframework.boot.SpringApplication.run(SpringApplication.java:1292)
	at com.vdc.autocall.AutocallApplication.main(AutocallApplication.java:10)
	at sun.reflect.NativeMethodAccessorImpl.invoke0(Native Method)
	at sun.reflect.NativeMethodAccessorImpl.invoke(NativeMethodAccessorImpl.java:62)
	at sun.reflect.DelegatingMethodAccessorImpl.invoke(DelegatingMethodAccessorImpl.java:43)
	at java.lang.reflect.Method.invoke(Method.java:498)
	at org.springframework.boot.devtools.restart.RestartLauncher.run(RestartLauncher.java:50)
Caused by: org.springframework.beans.factory.BeanCreationException: Error creating bean with name 'accountService': Injection of resource dependencies failed; nested exception is org.springframework.beans.factory.BeanCreationException: Error creating bean with name 'accountDao': Injection of resource dependencies failed; nested exception is org.springframework.beans.factory.UnsatisfiedDependencyException: Error creating bean with name 'dataSourceScriptDatabaseInitializer' defined in class path resource [org/springframework/boot/autoconfigure/sql/init/DataSourceInitializationConfiguration.class]: Unsatisfied dependency expressed through method 'dataSourceScriptDatabaseInitializer' parameter 0; nested exception is org.springframework.beans.factory.BeanCreationException: Error creating bean with name 'DataSourceMain' defined in class path resource [com/vdc/autocall/configuration/DatabaseConfig.class]: Bean instantiation via factory method failed; nested exception is org.springframework.beans.BeanInstantiationException: Failed to instantiate [javax.sql.DataSource]: Factory method 'DataSourceMain' threw exception; nested exception is com.zaxxer.hikari.pool.HikariPool$PoolInitializationException: Failed to initialize pool: (conn=4020) Access denied for user 'vdc'@'localhost' (using password: YES)
	at org.springframework.context.annotation.CommonAnnotationBeanPostProcessor.postProcessProperties(CommonAnnotationBeanPostProcessor.java:332)
	at org.springframework.beans.factory.support.AbstractAutowireCapableBeanFactory.populateBean(AbstractAutowireCapableBeanFactory.java:1431)
	at org.springframework.beans.factory.support.AbstractAutowireCapableBeanFactory.doCreateBean(AbstractAutowireCapableBeanFactory.java:619)
	at org.springframework.beans.factory.support.AbstractAutowireCapableBeanFactory.createBean(AbstractAutowireCapableBeanFactory.java:542)
	at org.springframework.beans.factory.support.AbstractBeanFactory.lambda$doGetBean$0(AbstractBeanFactory.java:335)
	at org.springframework.beans.factory.support.DefaultSingletonBeanRegistry.getSingleton(DefaultSingletonBeanRegistry.java:234)
	at org.springframework.beans.factory.support.AbstractBeanFactory.doGetBean(AbstractBeanFactory.java:333)
	at org.springframework.beans.factory.support.AbstractBeanFactory.getBean(AbstractBeanFactory.java:213)
	at org.springframework.beans.factory.support.AbstractAutowireCapableBeanFactory.resolveBeanByName(AbstractAutowireCapableBeanFactory.java:479)
	at org.springframework.context.annotation.CommonAnnotationBeanPostProcessor.autowireResource(CommonAnnotationBeanPostProcessor.java:550)
	at org.springframework.context.annotation.CommonAnnotationBeanPostProcessor.getResource(CommonAnnotationBeanPostProcessor.java:520)
	at org.springframework.context.annotation.CommonAnnotationBeanPostProcessor$ResourceElement.getResourceToInject(CommonAnnotationBeanPostProcessor.java:673)
	at org.springframework.beans.factory.annotation.InjectionMetadata$InjectedElement.inject(InjectionMetadata.java:228)
	at org.springframework.beans.factory.annotation.InjectionMetadata.inject(InjectionMetadata.java:119)
	at org.springframework.context.annotation.CommonAnnotationBeanPostProcessor.postProcessProperties(CommonAnnotationBeanPostProcessor.java:329)
	... 22 common frames omitted
Caused by: org.springframework.beans.factory.BeanCreationException: Error creating bean with name 'accountDao': Injection of resource dependencies failed; nested exception is org.springframework.beans.factory.UnsatisfiedDependencyException: Error creating bean with name 'dataSourceScriptDatabaseInitializer' defined in class path resource [org/springframework/boot/autoconfigure/sql/init/DataSourceInitializationConfiguration.class]: Unsatisfied dependency expressed through method 'dataSourceScriptDatabaseInitializer' parameter 0; nested exception is org.springframework.beans.factory.BeanCreationException: Error creating bean with name 'DataSourceMain' defined in class path resource [com/vdc/autocall/configuration/DatabaseConfig.class]: Bean instantiation via factory method failed; nested exception is org.springframework.beans.BeanInstantiationException: Failed to instantiate [javax.sql.DataSource]: Factory method 'DataSourceMain' threw exception; nested exception is com.zaxxer.hikari.pool.HikariPool$PoolInitializationException: Failed to initialize pool: (conn=4020) Access denied for user 'vdc'@'localhost' (using password: YES)
	at org.springframework.context.annotation.CommonAnnotationBeanPostProcessor.postProcessProperties(CommonAnnotationBeanPostProcessor.java:332)
	at org.springframework.beans.factory.support.AbstractAutowireCapableBeanFactory.populateBean(AbstractAutowireCapableBeanFactory.java:1431)
	at org.springframework.beans.factory.support.AbstractAutowireCapableBeanFactory.doCreateBean(AbstractAutowireCapableBeanFactory.java:619)
	at org.springframework.beans.factory.support.AbstractAutowireCapableBeanFactory.createBean(AbstractAutowireCapableBeanFactory.java:542)
	at org.springframework.beans.factory.support.AbstractBeanFactory.lambda$doGetBean$0(AbstractBeanFactory.java:335)
	at org.springframework.beans.factory.support.DefaultSingletonBeanRegistry.getSingleton(DefaultSingletonBeanRegistry.java:234)
	at org.springframework.beans.factory.support.AbstractBeanFactory.doGetBean(AbstractBeanFactory.java:333)
	at org.springframework.beans.factory.support.AbstractBeanFactory.getBean(AbstractBeanFactory.java:213)
	at org.springframework.beans.factory.support.AbstractAutowireCapableBeanFactory.resolveBeanByName(AbstractAutowireCapableBeanFactory.java:479)
	at org.springframework.context.annotation.CommonAnnotationBeanPostProcessor.autowireResource(CommonAnnotationBeanPostProcessor.java:550)
	at org.springframework.context.annotation.CommonAnnotationBeanPostProcessor.getResource(CommonAnnotationBeanPostProcessor.java:520)
	at org.springframework.context.annotation.CommonAnnotationBeanPostProcessor$ResourceElement.getResourceToInject(CommonAnnotationBeanPostProcessor.java:673)
	at org.springframework.beans.factory.annotation.InjectionMetadata$InjectedElement.inject(InjectionMetadata.java:228)
	at org.springframework.beans.factory.annotation.InjectionMetadata.inject(InjectionMetadata.java:119)
	at org.springframework.context.annotation.CommonAnnotationBeanPostProcessor.postProcessProperties(CommonAnnotationBeanPostProcessor.java:329)
	... 36 common frames omitted
Caused by: org.springframework.beans.factory.UnsatisfiedDependencyException: Error creating bean with name 'dataSourceScriptDatabaseInitializer' defined in class path resource [org/springframework/boot/autoconfigure/sql/init/DataSourceInitializationConfiguration.class]: Unsatisfied dependency expressed through method 'dataSourceScriptDatabaseInitializer' parameter 0; nested exception is org.springframework.beans.factory.BeanCreationException: Error creating bean with name 'DataSourceMain' defined in class path resource [com/vdc/autocall/configuration/DatabaseConfig.class]: Bean instantiation via factory method failed; nested exception is org.springframework.beans.BeanInstantiationException: Failed to instantiate [javax.sql.DataSource]: Factory method 'DataSourceMain' threw exception; nested exception is com.zaxxer.hikari.pool.HikariPool$PoolInitializationException: Failed to initialize pool: (conn=4020) Access denied for user 'vdc'@'localhost' (using password: YES)
	at org.springframework.beans.factory.support.ConstructorResolver.createArgumentArray(ConstructorResolver.java:800)
	at org.springframework.beans.factory.support.ConstructorResolver.instantiateUsingFactoryMethod(ConstructorResolver.java:541)
	at org.springframework.beans.factory.support.AbstractAutowireCapableBeanFactory.instantiateUsingFactoryMethod(AbstractAutowireCapableBeanFactory.java:1352)
	at org.springframework.beans.factory.support.AbstractAutowireCapableBeanFactory.createBeanInstance(AbstractAutowireCapableBeanFactory.java:1195)
	at org.springframework.beans.factory.support.AbstractAutowireCapableBeanFactory.doCreateBean(AbstractAutowireCapableBeanFactory.java:582)
	at org.springframework.beans.factory.support.AbstractAutowireCapableBeanFactory.createBean(AbstractAutowireCapableBeanFactory.java:542)
	at org.springframework.beans.factory.support.AbstractBeanFactory.lambda$doGetBean$0(AbstractBeanFactory.java:335)
	at org.springframework.beans.factory.support.DefaultSingletonBeanRegistry.getSingleton(DefaultSingletonBeanRegistry.java:234)
	at org.springframework.beans.factory.support.AbstractBeanFactory.doGetBean(AbstractBeanFactory.java:333)
	at org.springframework.beans.factory.support.AbstractBeanFactory.getBean(AbstractBeanFactory.java:208)
	at org.springframework.beans.factory.support.AbstractBeanFactory.doGetBean(AbstractBeanFactory.java:322)
	at org.springframework.beans.factory.support.AbstractBeanFactory.getBean(AbstractBeanFactory.java:213)
	at org.springframework.beans.factory.support.AbstractAutowireCapableBeanFactory.resolveBeanByName(AbstractAutowireCapableBeanFactory.java:479)
	at org.springframework.context.annotation.CommonAnnotationBeanPostProcessor.autowireResource(CommonAnnotationBeanPostProcessor.java:550)
	at org.springframework.context.annotation.CommonAnnotationBeanPostProcessor.getResource(CommonAnnotationBeanPostProcessor.java:520)
	at org.springframework.context.annotation.CommonAnnotationBeanPostProcessor$ResourceElement.getResourceToInject(CommonAnnotationBeanPostProcessor.java:673)
	at org.springframework.beans.factory.annotation.InjectionMetadata$InjectedElement.inject(InjectionMetadata.java:228)
	at org.springframework.beans.factory.annotation.InjectionMetadata.inject(InjectionMetadata.java:119)
	at org.springframework.context.annotation.CommonAnnotationBeanPostProcessor.postProcessProperties(CommonAnnotationBeanPostProcessor.java:329)
	... 50 common frames omitted
Caused by: org.springframework.beans.factory.BeanCreationException: Error creating bean with name 'DataSourceMain' defined in class path resource [com/vdc/autocall/configuration/DatabaseConfig.class]: Bean instantiation via factory method failed; nested exception is org.springframework.beans.BeanInstantiationException: Failed to instantiate [javax.sql.DataSource]: Factory method 'DataSourceMain' threw exception; nested exception is com.zaxxer.hikari.pool.HikariPool$PoolInitializationException: Failed to initialize pool: (conn=4020) Access denied for user 'vdc'@'localhost' (using password: YES)
	at org.springframework.beans.factory.support.ConstructorResolver.instantiate(ConstructorResolver.java:658)
	at org.springframework.beans.factory.support.ConstructorResolver.instantiateUsingFactoryMethod(ConstructorResolver.java:486)
	at org.springframework.beans.factory.support.AbstractAutowireCapableBeanFactory.instantiateUsingFactoryMethod(AbstractAutowireCapableBeanFactory.java:1352)
	at org.springframework.beans.factory.support.AbstractAutowireCapableBeanFactory.createBeanInstance(AbstractAutowireCapableBeanFactory.java:1195)
	at org.springframework.beans.factory.support.AbstractAutowireCapableBeanFactory.doCreateBean(AbstractAutowireCapableBeanFactory.java:582)
	at org.springframework.beans.factory.support.AbstractAutowireCapableBeanFactory.createBean(AbstractAutowireCapableBeanFactory.java:542)
	at org.springframework.beans.factory.support.AbstractBeanFactory.lambda$doGetBean$0(AbstractBeanFactory.java:335)
	at org.springframework.beans.factory.support.DefaultSingletonBeanRegistry.getSingleton(DefaultSingletonBeanRegistry.java:234)
	at org.springframework.beans.factory.support.AbstractBeanFactory.doGetBean(AbstractBeanFactory.java:333)
	at org.springframework.beans.factory.support.AbstractBeanFactory.getBean(AbstractBeanFactory.java:208)
	at org.springframework.beans.factory.config.DependencyDescriptor.resolveCandidate(DependencyDescriptor.java:276)
	at org.springframework.beans.factory.support.DefaultListableBeanFactory.doResolveDependency(DefaultListableBeanFactory.java:1391)
	at org.springframework.beans.factory.support.DefaultListableBeanFactory.resolveDependency(DefaultListableBeanFactory.java:1311)
	at org.springframework.beans.factory.support.ConstructorResolver.resolveAutowiredArgument(ConstructorResolver.java:887)
	at org.springframework.beans.factory.support.ConstructorResolver.createArgumentArray(ConstructorResolver.java:791)
	... 68 common frames omitted
Caused by: org.springframework.beans.BeanInstantiationException: Failed to instantiate [javax.sql.DataSource]: Factory method 'DataSourceMain' threw exception; nested exception is com.zaxxer.hikari.pool.HikariPool$PoolInitializationException: Failed to initialize pool: (conn=4020) Access denied for user 'vdc'@'localhost' (using password: YES)
	at org.springframework.beans.factory.support.SimpleInstantiationStrategy.instantiate(SimpleInstantiationStrategy.java:185)
	at org.springframework.beans.factory.support.ConstructorResolver.instantiate(ConstructorResolver.java:653)
	... 82 common frames omitted
Caused by: com.zaxxer.hikari.pool.HikariPool$PoolInitializationException: Failed to initialize pool: (conn=4020) Access denied for user 'vdc'@'localhost' (using password: YES)
	at com.zaxxer.hikari.pool.HikariPool.throwPoolInitializationException(HikariPool.java:596)
	at com.zaxxer.hikari.pool.HikariPool.checkFailFast(HikariPool.java:582)
	at com.zaxxer.hikari.pool.HikariPool.<init>(HikariPool.java:115)
	at com.zaxxer.hikari.HikariDataSource.<init>(HikariDataSource.java:81)
	at com.vdc.autocall.configuration.DatabaseConfig.DataSourceMain(DatabaseConfig.java:36)
	at com.vdc.autocall.configuration.DatabaseConfig$$EnhancerBySpringCGLIB$$b8f207b6.CGLIB$DataSourceMain$1(<generated>)
	at com.vdc.autocall.configuration.DatabaseConfig$$EnhancerBySpringCGLIB$$b8f207b6$$FastClassBySpringCGLIB$$2a4f8626.invoke(<generated>)
	at org.springframework.cglib.proxy.MethodProxy.invokeSuper(MethodProxy.java:244)
	at org.springframework.context.annotation.ConfigurationClassEnhancer$BeanMethodInterceptor.intercept(ConfigurationClassEnhancer.java:331)
	at com.vdc.autocall.configuration.DatabaseConfig$$EnhancerBySpringCGLIB$$b8f207b6.DataSourceMain(<generated>)
	at sun.reflect.NativeMethodAccessorImpl.invoke0(Native Method)
	at sun.reflect.NativeMethodAccessorImpl.invoke(NativeMethodAccessorImpl.java:62)
	at sun.reflect.DelegatingMethodAccessorImpl.invoke(DelegatingMethodAccessorImpl.java:43)
	at java.lang.reflect.Method.invoke(Method.java:498)
	at org.springframework.beans.factory.support.SimpleInstantiationStrategy.instantiate(SimpleInstantiationStrategy.java:154)
	... 83 common frames omitted
Caused by: java.sql.SQLInvalidAuthorizationSpecException: (conn=4020) Access denied for user 'vdc'@'localhost' (using password: YES)
	at org.mariadb.jdbc.export.ExceptionFactory.createException(ExceptionFactory.java:286)
	at org.mariadb.jdbc.export.ExceptionFactory.create(ExceptionFactory.java:370)
	at org.mariadb.jdbc.client.impl.ConnectionHelper.authenticationHandler(ConnectionHelper.java:284)
	at org.mariadb.jdbc.client.impl.StandardClient.<init>(StandardClient.java:185)
	at org.mariadb.jdbc.Driver.connect(Driver.java:70)
	at org.mariadb.jdbc.Driver.connect(Driver.java:101)
	at org.mariadb.jdbc.Driver.connect(Driver.java:27)
	at net.sf.log4jdbc.sql.jdbcapi.DriverSpy.connect(DriverSpy.java:401)
	at com.zaxxer.hikari.util.DriverDataSource.getConnection(DriverDataSource.java:138)
	at com.zaxxer.hikari.pool.PoolBase.newConnection(PoolBase.java:364)
	at com.zaxxer.hikari.pool.PoolBase.newPoolEntry(PoolBase.java:206)
	at com.zaxxer.hikari.pool.HikariPool.createPoolEntry(HikariPool.java:476)
	at com.zaxxer.hikari.pool.HikariPool.checkFailFast(HikariPool.java:561)
	... 96 common frames omitted
INFO  2024-05-14 10:03:27.270 [restartedMain] [AutocallApplication:55] - Starting AutocallApplication using Java 1.8.0_361 on DESKTOP-5BDQ2AQ with PID 7760 (C:\Users\82106\IdeaProjects\실무\autocall\autocall\build\classes\java\main started by 이상민 in C:\Users\82106\IdeaProjects\실무\autocall\autocall)
DEBUG 2024-05-14 10:03:27.270 [restartedMain] [AutocallApplication:56] - Running with Spring Boot v2.7.14, Spring v5.3.29
INFO  2024-05-14 10:03:27.270 [restartedMain] [AutocallApplication:631] - No active profile set, falling back to 1 default profile: "default"
WARN  2024-05-14 10:03:27.377 [restartedMain] [ClassPathMapperScanner:44] - No MyBatis mapper was found in '[com.vdc.autocall]' package. Please check your configuration.
INFO  2024-05-14 10:03:27.400 [restartedMain] [TomcatWebServer:108] - Tomcat initialized with port(s): 8078 (http)
INFO  2024-05-14 10:03:27.401 [restartedMain] [Http11NioProtocol:173] - Initializing ProtocolHandler ["http-nio-8078"]
INFO  2024-05-14 10:03:27.401 [restartedMain] [StandardService:173] - Starting service [Tomcat]
INFO  2024-05-14 10:03:27.401 [restartedMain] [StandardEngine:173] - Starting Servlet engine: [Apache Tomcat/9.0.78]
INFO  2024-05-14 10:03:27.409 [restartedMain] [[/autodial]:173] - Initializing Spring embedded WebApplicationContext
INFO  2024-05-14 10:03:27.409 [restartedMain] [ServletWebServerApplicationContext:292] - Root WebApplicationContext: initialization completed in 137 ms
INFO  2024-05-14 10:03:27.420 [restartedMain] [HikariDataSource:80] - HikariPool-3 - Starting...
INFO  2024-05-14 10:03:27.427 [restartedMain] [HikariDataSource:82] - HikariPool-3 - Start completed.
DEBUG 2024-05-14 10:03:27.429 [restartedMain] [DatabaseConfig$$EnhancerBySpringCGLIB$$b8f207b6:42] - SqlSessionFactory Start
INFO  2024-05-14 10:03:27.506 [restartedMain] [OptionalLiveReloadServer:59] - LiveReload server is running on port 35729
INFO  2024-05-14 10:03:27.511 [restartedMain] [Http11NioProtocol:173] - Starting ProtocolHandler ["http-nio-8078"]
INFO  2024-05-14 10:03:27.512 [restartedMain] [TomcatWebServer:220] - Tomcat started on port(s): 8078 (http) with context path '/autodial'
INFO  2024-05-14 10:03:27.515 [restartedMain] [AutocallApplication:61] - Started AutocallApplication in 0.267 seconds (JVM running for 3945.014)
INFO  2024-05-14 10:03:27.516 [restartedMain] [ConditionEvaluationDeltaLoggingListener:63] - Condition evaluation unchanged
